<?xml version="1.0" encoding="UTF-8"?>
<!-- Generated by org.testng.reporters.JUnitXMLReporter -->
<testsuite hostname="DESKTOP-0BGE448" ignored="0" name="Test2" tests="2" failures="1" timestamp="12 Mar 2022 22:37:55 GMT" time="21.922" errors="0">
  <testcase name="LandingPageTest" time="6.89" classname="com.testCases.JMB_TC_002"/>
  <testcase name="SignUpTest" time="3.667" classname="com.testCases.JMB_TC_002">
    <failure type="java.lang.AssertionError" message="The following asserts failed:
	expected [true] but found [false]">
      <![CDATA[java.lang.AssertionError: The following asserts failed:
expected [true] but found [false]
at com.testCases.JMB_TC_002.SignUpTest(JMB_TC_002.java:99)
... Removed 26 stack frames]]>
    </failure>
  </testcase> <!-- SignUpTest -->
</testsuite> <!-- Test2 -->
