<?xml version="1.0" encoding="UTF-8"?>
<!-- Generated by org.testng.reporters.JUnitXMLReporter -->
<testsuite hostname="DESKTOP-0BGE448" ignored="0" name="Test" tests="3" failures="1" timestamp="15 Mar 2022 18:50:13 GMT" time="33.191" errors="0">
  <testcase name="LandingPageTest" time="2.59" classname="com.testCases.JMB_TC_001"/>
  <testcase name="LandingPageTest" time="3.184" classname="com.testCases.JMB_TC_002"/>
  <testcase name="SignUpTest" time="6.564" classname="com.testCases.JMB_TC_002">
    <failure type="java.lang.AssertionError" message="The following asserts failed:
	expected [true] but found [false]">
      <![CDATA[java.lang.AssertionError: The following asserts failed:
expected [true] but found [false]
at com.testCases.JMB_TC_002.SignUpTest(JMB_TC_002.java:101)
... Removed 26 stack frames]]>
    </failure>
  </testcase> <!-- SignUpTest -->
</testsuite> <!-- Test -->
